<?xml version="1.0" encoding="UTF-8"?>
<testsuite xmlns:xsi="http://www.w3.org/2001/XMLSchema-instance" xsi:noNamespaceSchemaLocation="https://maven.apache.org/surefire/maven-surefire-plugin/xsd/surefire-test-report-3.0.xsd" version="3.0" name="org.jsonql.ComplianceTest" time="0.169" tests="1" errors="0" skipped="0" failures="0">
  <properties>
[...]
</properties>
  <testcase name="testCompliance" classname="org.jsonql.ComplianceTest" time="0.138">
    <system-out><![CDATA[Running test: adv-agg-001
Running test: adv-rel-001
Running test: v1.1-001
Running test: v1.1-002
Running test: v1.1-003
Running test: v1.1-004
Running test: v1.1-005
Running test: v1.1-006
Running test: user-issue-101
Running test: user-scenario-ecommerce
Running test: exec-001
Running test: exec-002
Running test: exec-003
Running test: parse-001
Running test: parse-002
Running test: parse-003
Running test: parse-004
Running test: issue-101-json-filter
Running test: sec-sql-inj-001
Running test: sec-sql-inj-002
Running test: sec-sql-inj-003
Running test: perm-001
Running test: perm-002
Running test: perm-003
Running test: perm-004
Running test: perm-005
Running test: perm-006
Running test: perm-007
Running test: perm-008
Running test: perm-009
Running test: perm-010
Running test: perm-011
]]></system-out>
  </testcase>
</testsuite>